2023-02-21 19:40:53.787 - DBeaver 22.3.5.202302171528 is starting
2023-02-21 19:40:53.805 - OS: Windows 10 10.0 (amd64)
2023-02-21 19:40:53.805 - Java version: 17.0.6 by Eclipse Adoptium (64bit)
2023-02-21 19:40:53.805 - Install path: 'D:\Bootcamp\java_1900_WRM\dbms\oracle\resource\dbeaver'
2023-02-21 19:40:53.806 - Instance path: 'file:/D:/Bootcamp/java_1900_WRM/dbms/oracle/workspace/'
2023-02-21 19:40:53.806 - Memory available 64Mb/1024Mb
2023-02-21 19:40:53.814 - Create display
> Start Eclipse IDE UI [org.eclipse.ui.ide 3.20.0.v20221027-2208]
2023-02-21 19:40:53.906 - Initializing DBeaver 22.3.5
2023-02-21 19:40:53.906 - Host plugin: org.jkiss.dbeaver.ui.app.standalone 22.3.5.202302171528
2023-02-21 19:40:53.906 - Initialize desktop platform...
2023-02-21 19:40:53.997 - BounceCastle bundle found. Use JCE provider BC
> Start Core File Systems [org.eclipse.core.filesystem 1.9.500.v20220817-1539]
> Start Core Resource Management [org.eclipse.core.resources 3.18.100.v20221025-2047]
> Start 팀 지원 핵심 [org.eclipse.team.core 3.9.600.v20220902-2219]
> Start DBeaver UI Navigator [org.jkiss.dbeaver.ui.navigator 1.0.100.202302171528]
2023-02-21 19:40:54.115 - 
2023-02-21 19:40:54.116 - 	Refreshing workspace.
2023-02-21 19:40:54.117 - Refreshing workspace contents
2023-02-21 19:40:54.186 - Initialize base platform...
> Start Expression Language [org.eclipse.core.expressions 3.8.200.v20220613-1047]
2023-02-21 19:40:54.199 - Platform initialized (293ms)
> Start DBeaver UI Editors - Base [org.jkiss.dbeaver.ui.editors.base 1.0.100.202302171528]
2023-02-21 19:40:54.205 - Starting RMI server at 44633
2023-02-21 19:40:54.231 - Run workbench
> Start DBeaver UI [org.jkiss.dbeaver.ui 5.1.115.202302171528]
> Start Eclipse e4 작업영역 SWT [org.eclipse.e4.ui.workbench.swt 0.16.700.v20221024-2137]
> Start Eclipse Application Services [org.eclipse.e4.core.services 2.3.400.v20220915-1347]
> Start Eclipse UI Application Services [org.eclipse.e4.ui.services 1.5.100.v20221024-2137]
> Start Eclipse e4 Progress View [org.eclipse.e4.ui.progress 0.3.600.v20221024-2137]
> Start EMF XML/XMI Persistence [org.eclipse.emf.ecore.xmi 2.17.0.v20220817-1334]
> Start Eclipse CSS SWT Theme Support [org.eclipse.e4.ui.css.swt.theme 0.13.200.v20221024-2137]
> Start Eclipse e4 작업영역 기능 추가 [org.eclipse.e4.ui.workbench.addons.swt 1.4.500.v20221028-0801]
> Start Eclipse e4 작업영역 SWT 렌더러 [org.eclipse.e4.ui.workbench.renderers.swt 0.15.700.v20221024-2137]
> Start Eclipse Bindings Support [org.eclipse.e4.ui.bindings 0.13.200.v20221024-2137]
> Start Eclipse Dependency Injection Extensions [org.eclipse.e4.core.di.extensions 0.17.200.v20220613-1008]
> Start Eclipse CSS SWT Support [org.eclipse.e4.ui.css.swt 0.14.700.v20221102-0748]
> Start Java Native Access [com.sun.jna 5.12.1.v20221103-2317]
Warning: NLS unused message: BlockedJobsDialog_UserInterfaceTreeElement in: org.eclipse.ui.internal.progress.messages
2023-02-21 19:40:55.115 - Configure workbench window
> Start 도움말 시스템 코어 [org.eclipse.help 3.9.100.v20210721-0601]
2023-02-21 19:40:55.194 - Create actions
2023-02-21 19:40:55.201 - Disable Eclipse action set 'org.eclipse.ui.edit.text.actionSet.annotationNavigation'
2023-02-21 19:40:55.201 - Disable Eclipse action set 'org.eclipse.ui.WorkingSetActionSet'
2023-02-21 19:40:55.201 - Disable Eclipse action set 'org.eclipse.ui.actionSet.openFiles'
2023-02-21 19:40:55.747 - Initialize workbench window
2023-02-21 19:40:55.749 - Finish initialization
> Start DBeaver UI Editors - Data [org.jkiss.dbeaver.ui.editors.data 1.0.100.202302171528]
> Start Equinox Java Authentication and Authorization Service (JAAS) [org.eclipse.equinox.security 1.3.1000.v20220801-1135]
> Start 인터넷 연결 관리 사용자 인터페이스 [org.eclipse.ui.net 1.4.100.v20220812-1406]
> Start Internet Connection Management [org.eclipse.core.net 1.4.0.v20220813-1037]
> Start Draw2d [org.eclipse.draw2dl 3.12.100.20230129135757]
> Start GEF3 GEF (MVC) [org.eclipse.gef3 3.12.100.20230129135757]
> Start DBeaver ERD UI [org.jkiss.dbeaver.erd.ui 3.0.60.202302171528]
> Start DBeaver ERD Model [org.jkiss.dbeaver.erd.model 1.0.60.202302171528]
> Start DBeaver SQL Model [org.jkiss.dbeaver.model.sql 1.0.90.202302171528]
Warning: NLS unused message: actions_navigator__objects in: org.jkiss.dbeaver.ui.editors.sql.internal.SQLEditorMessages
> Start DBeaver UI Editors - SQL [org.jkiss.dbeaver.ui.editors.sql 1.0.100.202302171528]
2023-02-21 19:40:56.162 - Total database drivers: 102 (102)
> Start 기본 문서 편집기 [org.eclipse.ui.editors 3.14.400.v20220730-1844]
> Start 텍스트 편집기 프레임워크 [org.eclipse.ui.workbench.texteditor 3.16.600.v20220809-1658]
> Start DBeaver Sample Database [org.jkiss.dbeaver.ext.sample.database 1.0.137.202302171528]
> Start DBeaver Tip of the day [org.jkiss.dbeaver.ext.ui.tipoftheday 1.0.106.202302171528]
> Start DBeaver UI Editors - Connections [org.jkiss.dbeaver.ui.editors.connection 1.0.91.202302171528]
2023-02-21 19:40:58.922 - Open [https://dbeaver.io/product/version.xml]
2023-02-21 19:41:14.575 - java.lang.NullPointerException: Cannot invoke "java.util.Collection.removeIf(java.util.function.Predicate)" because "items" is null
java.lang.NullPointerException: Cannot invoke "java.util.Collection.removeIf(java.util.function.Predicate)" because "items" is null
	at org.jkiss.dbeaver.ui.editors.entity.FolderEditor$FolderListControl.setListData(FolderEditor.java:204)
	at org.jkiss.dbeaver.ui.navigator.itemlist.ObjectListControl$ObjectsLoadVisualizer.afterCompleteLoading(ObjectListControl.java:1208)
	at org.jkiss.dbeaver.ui.navigator.itemlist.ObjectListControl$ObjectsLoadVisualizer.completeLoading(ObjectListControl.java:1204)
	at org.jkiss.dbeaver.ui.navigator.itemlist.ObjectListControl$ObjectsLoadVisualizer.completeLoading(ObjectListControl.java:1)
	at org.jkiss.dbeaver.ui.LoadingJob$LoadFinisher.run(LoadingJob.java:129)
	at org.eclipse.swt.widgets.RunnableLock.run(RunnableLock.java:40)
	at org.eclipse.swt.widgets.Synchronizer.runAsyncMessages(Synchronizer.java:132)
	at org.eclipse.swt.widgets.Display.runAsyncMessages(Display.java:4029)
	at org.eclipse.swt.widgets.Display.readAndDispatch(Display.java:3645)
	at org.eclipse.e4.ui.internal.workbench.swt.PartRenderingEngine$5.run(PartRenderingEngine.java:1155)
	at org.eclipse.core.databinding.observable.Realm.runWithDefault(Realm.java:338)
	at org.eclipse.e4.ui.internal.workbench.swt.PartRenderingEngine.run(PartRenderingEngine.java:1046)
	at org.eclipse.e4.ui.internal.workbench.E4Workbench.createAndRunUI(E4Workbench.java:155)
	at org.eclipse.ui.internal.Workbench.lambda$3(Workbench.java:643)
	at org.eclipse.core.databinding.observable.Realm.runWithDefault(Realm.java:338)
	at org.eclipse.ui.internal.Workbench.createAndRunWorkbench(Workbench.java:550)
	at org.eclipse.ui.PlatformUI.createAndRunWorkbench(PlatformUI.java:171)
	at org.jkiss.dbeaver.ui.app.standalone.DBeaverApplication.start(DBeaverApplication.java:296)
	at org.eclipse.equinox.internal.app.EclipseAppHandle.run(EclipseAppHandle.java:203)
	at org.eclipse.core.runtime.internal.adaptor.EclipseAppLauncher.runApplication(EclipseAppLauncher.java:136)
	at org.eclipse.core.runtime.internal.adaptor.EclipseAppLauncher.start(EclipseAppLauncher.java:104)
	at org.eclipse.core.runtime.adaptor.EclipseStarter.run(EclipseStarter.java:402)
	at org.eclipse.core.runtime.adaptor.EclipseStarter.run(EclipseStarter.java:255)
	at java.base/jdk.internal.reflect.NativeMethodAccessorImpl.invoke0(Native Method)
	at java.base/jdk.internal.reflect.NativeMethodAccessorImpl.invoke(Unknown Source)
	at java.base/jdk.internal.reflect.DelegatingMethodAccessorImpl.invoke(Unknown Source)
	at java.base/java.lang.reflect.Method.invoke(Unknown Source)
	at org.eclipse.equinox.launcher.Main.invokeFramework(Main.java:659)
	at org.eclipse.equinox.launcher.Main.basicRun(Main.java:596)
	at org.eclipse.equinox.launcher.Main.run(Main.java:1467)
2023-02-21 19:41:14.576 - Cannot invoke "org.eclipse.core.runtime.IPath.toFile()" because the return value of "org.eclipse.core.resources.IProject.getLocation()" is null
java.lang.NullPointerException: Cannot invoke "org.eclipse.core.runtime.IPath.toFile()" because the return value of "org.eclipse.core.resources.IProject.getLocation()" is null
	at org.jkiss.dbeaver.registry.LocalProjectImpl.getAbsolutePath(LocalProjectImpl.java:81)
	at org.jkiss.dbeaver.registry.BaseProjectImpl.getMetadataPath(BaseProjectImpl.java:163)
	at org.jkiss.dbeaver.registry.BaseProjectImpl.getMetadataFolder(BaseProjectImpl.java:149)
	at org.jkiss.dbeaver.registry.LocalProjectImpl.ensureOpen(LocalProjectImpl.java:123)
	at org.jkiss.dbeaver.model.navigator.DBNProject.getChildren(DBNProject.java:163)
	at org.jkiss.dbeaver.model.navigator.DBNUtils.getNodeChildrenFiltered(DBNUtils.java:80)
	at org.jkiss.dbeaver.ui.navigator.itemlist.ItemListControl$ItemLoadService.evaluate(ItemListControl.java:303)
	at org.jkiss.dbeaver.ui.navigator.itemlist.ItemListControl$ItemLoadService.evaluate(ItemListControl.java:1)
	at org.jkiss.dbeaver.ui.LoadingJob.run(LoadingJob.java:88)
	at org.jkiss.dbeaver.ui.LoadingJob.syncRun(LoadingJob.java:112)
	at org.jkiss.dbeaver.ui.navigator.itemlist.ObjectListControl.loadData(ObjectListControl.java:365)
	at org.jkiss.dbeaver.ui.navigator.itemlist.NodeListControl.nodeChanged(NodeListControl.java:330)
	at org.jkiss.dbeaver.model.navigator.DBNModel$EventProcessingJob.lambda$0(DBNModel.java:763)
	at org.jkiss.dbeaver.ui.UIExecutionQueue.executeInUI(UIExecutionQueue.java:68)
	at org.eclipse.swt.widgets.RunnableLock.run(RunnableLock.java:40)
	at org.eclipse.swt.widgets.Synchronizer.runAsyncMessages(Synchronizer.java:132)
	at org.eclipse.swt.widgets.Display.runAsyncMessages(Display.java:4029)
	at org.eclipse.swt.widgets.Display.readAndDispatch(Display.java:3645)
	at org.eclipse.e4.ui.internal.workbench.swt.PartRenderingEngine$5.run(PartRenderingEngine.java:1155)
	at org.eclipse.core.databinding.observable.Realm.runWithDefault(Realm.java:338)
	at org.eclipse.e4.ui.internal.workbench.swt.PartRenderingEngine.run(PartRenderingEngine.java:1046)
	at org.eclipse.e4.ui.internal.workbench.E4Workbench.createAndRunUI(E4Workbench.java:155)
	at org.eclipse.ui.internal.Workbench.lambda$3(Workbench.java:643)
	at org.eclipse.core.databinding.observable.Realm.runWithDefault(Realm.java:338)
	at org.eclipse.ui.internal.Workbench.createAndRunWorkbench(Workbench.java:550)
	at org.eclipse.ui.PlatformUI.createAndRunWorkbench(PlatformUI.java:171)
	at org.jkiss.dbeaver.ui.app.standalone.DBeaverApplication.start(DBeaverApplication.java:296)
	at org.eclipse.equinox.internal.app.EclipseAppHandle.run(EclipseAppHandle.java:203)
	at org.eclipse.core.runtime.internal.adaptor.EclipseAppLauncher.runApplication(EclipseAppLauncher.java:136)
	at org.eclipse.core.runtime.internal.adaptor.EclipseAppLauncher.start(EclipseAppLauncher.java:104)
	at org.eclipse.core.runtime.adaptor.EclipseStarter.run(EclipseStarter.java:402)
	at org.eclipse.core.runtime.adaptor.EclipseStarter.run(EclipseStarter.java:255)
	at java.base/jdk.internal.reflect.NativeMethodAccessorImpl.invoke0(Native Method)
	at java.base/jdk.internal.reflect.NativeMethodAccessorImpl.invoke(Unknown Source)
	at java.base/jdk.internal.reflect.DelegatingMethodAccessorImpl.invoke(Unknown Source)
	at java.base/java.lang.reflect.Method.invoke(Unknown Source)
	at org.eclipse.equinox.launcher.Main.invokeFramework(Main.java:659)
	at org.eclipse.equinox.launcher.Main.basicRun(Main.java:596)
	at org.eclipse.equinox.launcher.Main.run(Main.java:1467)
2023-02-21 19:41:14.679 - java.lang.NullPointerException: Cannot invoke "java.util.Collection.removeIf(java.util.function.Predicate)" because "items" is null
java.lang.NullPointerException: Cannot invoke "java.util.Collection.removeIf(java.util.function.Predicate)" because "items" is null
	at org.jkiss.dbeaver.ui.editors.entity.FolderEditor$FolderListControl.setListData(FolderEditor.java:204)
	at org.jkiss.dbeaver.ui.navigator.itemlist.ObjectListControl$ObjectsLoadVisualizer.afterCompleteLoading(ObjectListControl.java:1208)
	at org.jkiss.dbeaver.ui.navigator.itemlist.ObjectListControl$ObjectsLoadVisualizer.completeLoading(ObjectListControl.java:1204)
	at org.jkiss.dbeaver.ui.navigator.itemlist.ObjectListControl$ObjectsLoadVisualizer.completeLoading(ObjectListControl.java:1)
	at org.jkiss.dbeaver.ui.LoadingJob$LoadFinisher.run(LoadingJob.java:129)
	at org.eclipse.swt.widgets.RunnableLock.run(RunnableLock.java:40)
	at org.eclipse.swt.widgets.Synchronizer.runAsyncMessages(Synchronizer.java:132)
	at org.eclipse.swt.widgets.Display.runAsyncMessages(Display.java:4029)
	at org.eclipse.swt.widgets.Display.readAndDispatch(Display.java:3645)
	at org.eclipse.jface.window.Window.runEventLoop(Window.java:823)
	at org.eclipse.jface.window.Window.open(Window.java:799)
	at org.eclipse.jface.dialogs.ErrorDialog.open(ErrorDialog.java:349)
	at org.jkiss.dbeaver.core.DesktopUI.lambda$0(DesktopUI.java:231)
	at org.eclipse.swt.widgets.Synchronizer.syncExec(Synchronizer.java:183)
	at org.eclipse.ui.internal.UISynchronizer.syncExec(UISynchronizer.java:133)
	at org.eclipse.swt.widgets.Display.syncExec(Display.java:4785)
	at org.jkiss.dbeaver.ui.UIUtils.syncExec(UIUtils.java:1802)
	at org.jkiss.dbeaver.core.DesktopUI.showError(DesktopUI.java:233)
	at org.jkiss.dbeaver.core.DesktopUI.showError(DesktopUI.java:239)
	at org.jkiss.dbeaver.ui.LoadingJob$LoadFinisher.run(LoadingJob.java:135)
	at org.eclipse.swt.widgets.RunnableLock.run(RunnableLock.java:40)
	at org.eclipse.swt.widgets.Synchronizer.runAsyncMessages(Synchronizer.java:132)
	at org.eclipse.swt.widgets.Display.runAsyncMessages(Display.java:4029)
	at org.eclipse.swt.widgets.Display.readAndDispatch(Display.java:3645)
	at org.eclipse.e4.ui.internal.workbench.swt.PartRenderingEngine$5.run(PartRenderingEngine.java:1155)
	at org.eclipse.core.databinding.observable.Realm.runWithDefault(Realm.java:338)
	at org.eclipse.e4.ui.internal.workbench.swt.PartRenderingEngine.run(PartRenderingEngine.java:1046)
	at org.eclipse.e4.ui.internal.workbench.E4Workbench.createAndRunUI(E4Workbench.java:155)
	at org.eclipse.ui.internal.Workbench.lambda$3(Workbench.java:643)
	at org.eclipse.core.databinding.observable.Realm.runWithDefault(Realm.java:338)
	at org.eclipse.ui.internal.Workbench.createAndRunWorkbench(Workbench.java:550)
	at org.eclipse.ui.PlatformUI.createAndRunWorkbench(PlatformUI.java:171)
	at org.jkiss.dbeaver.ui.app.standalone.DBeaverApplication.start(DBeaverApplication.java:296)
	at org.eclipse.equinox.internal.app.EclipseAppHandle.run(EclipseAppHandle.java:203)
	at org.eclipse.core.runtime.internal.adaptor.EclipseAppLauncher.runApplication(EclipseAppLauncher.java:136)
	at org.eclipse.core.runtime.internal.adaptor.EclipseAppLauncher.start(EclipseAppLauncher.java:104)
	at org.eclipse.core.runtime.adaptor.EclipseStarter.run(EclipseStarter.java:402)
	at org.eclipse.core.runtime.adaptor.EclipseStarter.run(EclipseStarter.java:255)
	at java.base/jdk.internal.reflect.NativeMethodAccessorImpl.invoke0(Native Method)
	at java.base/jdk.internal.reflect.NativeMethodAccessorImpl.invoke(Unknown Source)
	at java.base/jdk.internal.reflect.DelegatingMethodAccessorImpl.invoke(Unknown Source)
	at java.base/java.lang.reflect.Method.invoke(Unknown Source)
	at org.eclipse.equinox.launcher.Main.invokeFramework(Main.java:659)
	at org.eclipse.equinox.launcher.Main.basicRun(Main.java:596)
	at org.eclipse.equinox.launcher.Main.run(Main.java:1467)
2023-02-21 19:41:14.680 - Cannot invoke "org.eclipse.core.runtime.IPath.toFile()" because the return value of "org.eclipse.core.resources.IProject.getLocation()" is null
java.lang.NullPointerException: Cannot invoke "org.eclipse.core.runtime.IPath.toFile()" because the return value of "org.eclipse.core.resources.IProject.getLocation()" is null
	at org.jkiss.dbeaver.registry.LocalProjectImpl.getAbsolutePath(LocalProjectImpl.java:81)
	at org.jkiss.dbeaver.registry.BaseProjectImpl.getMetadataPath(BaseProjectImpl.java:163)
	at org.jkiss.dbeaver.registry.BaseProjectImpl.getMetadataFolder(BaseProjectImpl.java:149)
	at org.jkiss.dbeaver.registry.LocalProjectImpl.ensureOpen(LocalProjectImpl.java:123)
	at org.jkiss.dbeaver.model.navigator.DBNProject.getChildren(DBNProject.java:163)
	at org.jkiss.dbeaver.model.navigator.DBNUtils.getNodeChildrenFiltered(DBNUtils.java:80)
	at org.jkiss.dbeaver.ui.navigator.itemlist.ItemListControl$ItemLoadService.evaluate(ItemListControl.java:303)
	at org.jkiss.dbeaver.ui.navigator.itemlist.ItemListControl$ItemLoadService.evaluate(ItemListControl.java:1)
	at org.jkiss.dbeaver.ui.LoadingJob.run(LoadingJob.java:88)
	at org.jkiss.dbeaver.ui.LoadingJob.syncRun(LoadingJob.java:112)
	at org.jkiss.dbeaver.ui.navigator.itemlist.ObjectListControl.loadData(ObjectListControl.java:365)
	at org.jkiss.dbeaver.ui.navigator.itemlist.NodeListControl.nodeChanged(NodeListControl.java:330)
	at org.jkiss.dbeaver.model.navigator.DBNModel$EventProcessingJob.lambda$0(DBNModel.java:763)
	at org.jkiss.dbeaver.ui.UIExecutionQueue.executeInUI(UIExecutionQueue.java:68)
	at org.eclipse.swt.widgets.RunnableLock.run(RunnableLock.java:40)
	at org.eclipse.swt.widgets.Synchronizer.runAsyncMessages(Synchronizer.java:132)
	at org.eclipse.swt.widgets.Display.runAsyncMessages(Display.java:4029)
	at org.eclipse.swt.widgets.Display.readAndDispatch(Display.java:3645)
	at org.eclipse.e4.ui.internal.workbench.swt.PartRenderingEngine$5.run(PartRenderingEngine.java:1155)
	at org.eclipse.core.databinding.observable.Realm.runWithDefault(Realm.java:338)
	at org.eclipse.e4.ui.internal.workbench.swt.PartRenderingEngine.run(PartRenderingEngine.java:1046)
	at org.eclipse.e4.ui.internal.workbench.E4Workbench.createAndRunUI(E4Workbench.java:155)
	at org.eclipse.ui.internal.Workbench.lambda$3(Workbench.java:643)
	at org.eclipse.core.databinding.observable.Realm.runWithDefault(Realm.java:338)
	at org.eclipse.ui.internal.Workbench.createAndRunWorkbench(Workbench.java:550)
	at org.eclipse.ui.PlatformUI.createAndRunWorkbench(PlatformUI.java:171)
	at org.jkiss.dbeaver.ui.app.standalone.DBeaverApplication.start(DBeaverApplication.java:296)
	at org.eclipse.equinox.internal.app.EclipseAppHandle.run(EclipseAppHandle.java:203)
	at org.eclipse.core.runtime.internal.adaptor.EclipseAppLauncher.runApplication(EclipseAppLauncher.java:136)
	at org.eclipse.core.runtime.internal.adaptor.EclipseAppLauncher.start(EclipseAppLauncher.java:104)
	at org.eclipse.core.runtime.adaptor.EclipseStarter.run(EclipseStarter.java:402)
	at org.eclipse.core.runtime.adaptor.EclipseStarter.run(EclipseStarter.java:255)
	at java.base/jdk.internal.reflect.NativeMethodAccessorImpl.invoke0(Native Method)
	at java.base/jdk.internal.reflect.NativeMethodAccessorImpl.invoke(Unknown Source)
	at java.base/jdk.internal.reflect.DelegatingMethodAccessorImpl.invoke(Unknown Source)
	at java.base/java.lang.reflect.Method.invoke(Unknown Source)
	at org.eclipse.equinox.launcher.Main.invokeFramework(Main.java:659)
	at org.eclipse.equinox.launcher.Main.basicRun(Main.java:596)
	at org.eclipse.equinox.launcher.Main.run(Main.java:1467)
2023-02-21 19:41:14.742 - java.lang.NullPointerException: Cannot invoke "java.util.Collection.removeIf(java.util.function.Predicate)" because "items" is null
java.lang.NullPointerException: Cannot invoke "java.util.Collection.removeIf(java.util.function.Predicate)" because "items" is null
	at org.jkiss.dbeaver.ui.editors.entity.FolderEditor$FolderListControl.setListData(FolderEditor.java:204)
	at org.jkiss.dbeaver.ui.navigator.itemlist.ObjectListControl$ObjectsLoadVisualizer.afterCompleteLoading(ObjectListControl.java:1208)
	at org.jkiss.dbeaver.ui.navigator.itemlist.ObjectListControl$ObjectsLoadVisualizer.completeLoading(ObjectListControl.java:1204)
	at org.jkiss.dbeaver.ui.navigator.itemlist.ObjectListControl$ObjectsLoadVisualizer.completeLoading(ObjectListControl.java:1)
	at org.jkiss.dbeaver.ui.LoadingJob$LoadFinisher.run(LoadingJob.java:129)
	at org.eclipse.swt.widgets.RunnableLock.run(RunnableLock.java:40)
	at org.eclipse.swt.widgets.Synchronizer.runAsyncMessages(Synchronizer.java:132)
	at org.eclipse.swt.widgets.Display.runAsyncMessages(Display.java:4029)
	at org.eclipse.swt.widgets.Display.readAndDispatch(Display.java:3645)
	at org.eclipse.jface.window.Window.runEventLoop(Window.java:823)
	at org.eclipse.jface.window.Window.open(Window.java:799)
	at org.eclipse.jface.dialogs.ErrorDialog.open(ErrorDialog.java:349)
	at org.jkiss.dbeaver.core.DesktopUI.lambda$0(DesktopUI.java:231)
	at org.eclipse.swt.widgets.Synchronizer.syncExec(Synchronizer.java:183)
	at org.eclipse.ui.internal.UISynchronizer.syncExec(UISynchronizer.java:133)
	at org.eclipse.swt.widgets.Display.syncExec(Display.java:4785)
	at org.jkiss.dbeaver.ui.UIUtils.syncExec(UIUtils.java:1802)
	at org.jkiss.dbeaver.core.DesktopUI.showError(DesktopUI.java:233)
	at org.jkiss.dbeaver.core.DesktopUI.showError(DesktopUI.java:239)
	at org.jkiss.dbeaver.ui.LoadingJob$LoadFinisher.run(LoadingJob.java:135)
	at org.eclipse.swt.widgets.RunnableLock.run(RunnableLock.java:40)
	at org.eclipse.swt.widgets.Synchronizer.runAsyncMessages(Synchronizer.java:132)
	at org.eclipse.swt.widgets.Display.runAsyncMessages(Display.java:4029)
	at org.eclipse.swt.widgets.Display.readAndDispatch(Display.java:3645)
	at org.eclipse.jface.window.Window.runEventLoop(Window.java:823)
	at org.eclipse.jface.window.Window.open(Window.java:799)
	at org.eclipse.jface.dialogs.ErrorDialog.open(ErrorDialog.java:349)
	at org.jkiss.dbeaver.core.DesktopUI.lambda$0(DesktopUI.java:231)
	at org.eclipse.swt.widgets.Synchronizer.syncExec(Synchronizer.java:183)
	at org.eclipse.ui.internal.UISynchronizer.syncExec(UISynchronizer.java:133)
	at org.eclipse.swt.widgets.Display.syncExec(Display.java:4785)
	at org.jkiss.dbeaver.ui.UIUtils.syncExec(UIUtils.java:1802)
	at org.jkiss.dbeaver.core.DesktopUI.showError(DesktopUI.java:233)
	at org.jkiss.dbeaver.core.DesktopUI.showError(DesktopUI.java:239)
	at org.jkiss.dbeaver.ui.LoadingJob$LoadFinisher.run(LoadingJob.java:135)
	at org.eclipse.swt.widgets.RunnableLock.run(RunnableLock.java:40)
	at org.eclipse.swt.widgets.Synchronizer.runAsyncMessages(Synchronizer.java:132)
	at org.eclipse.swt.widgets.Display.runAsyncMessages(Display.java:4029)
	at org.eclipse.swt.widgets.Display.readAndDispatch(Display.java:3645)
	at org.eclipse.e4.ui.internal.workbench.swt.PartRenderingEngine$5.run(PartRenderingEngine.java:1155)
	at org.eclipse.core.databinding.observable.Realm.runWithDefault(Realm.java:338)
	at org.eclipse.e4.ui.internal.workbench.swt.PartRenderingEngine.run(PartRenderingEngine.java:1046)
	at org.eclipse.e4.ui.internal.workbench.E4Workbench.createAndRunUI(E4Workbench.java:155)
	at org.eclipse.ui.internal.Workbench.lambda$3(Workbench.java:643)
	at org.eclipse.core.databinding.observable.Realm.runWithDefault(Realm.java:338)
	at org.eclipse.ui.internal.Workbench.createAndRunWorkbench(Workbench.java:550)
	at org.eclipse.ui.PlatformUI.createAndRunWorkbench(PlatformUI.java:171)
	at org.jkiss.dbeaver.ui.app.standalone.DBeaverApplication.start(DBeaverApplication.java:296)
	at org.eclipse.equinox.internal.app.EclipseAppHandle.run(EclipseAppHandle.java:203)
	at org.eclipse.core.runtime.internal.adaptor.EclipseAppLauncher.runApplication(EclipseAppLauncher.java:136)
	at org.eclipse.core.runtime.internal.adaptor.EclipseAppLauncher.start(EclipseAppLauncher.java:104)
	at org.eclipse.core.runtime.adaptor.EclipseStarter.run(EclipseStarter.java:402)
	at org.eclipse.core.runtime.adaptor.EclipseStarter.run(EclipseStarter.java:255)
	at java.base/jdk.internal.reflect.NativeMethodAccessorImpl.invoke0(Native Method)
	at java.base/jdk.internal.reflect.NativeMethodAccessorImpl.invoke(Unknown Source)
	at java.base/jdk.internal.reflect.DelegatingMethodAccessorImpl.invoke(Unknown Source)
	at java.base/java.lang.reflect.Method.invoke(Unknown Source)
	at org.eclipse.equinox.launcher.Main.invokeFramework(Main.java:659)
	at org.eclipse.equinox.launcher.Main.basicRun(Main.java:596)
	at org.eclipse.equinox.launcher.Main.run(Main.java:1467)
2023-02-21 19:41:14.744 - Cannot invoke "org.eclipse.core.runtime.IPath.toFile()" because the return value of "org.eclipse.core.resources.IProject.getLocation()" is null
java.lang.NullPointerException: Cannot invoke "org.eclipse.core.runtime.IPath.toFile()" because the return value of "org.eclipse.core.resources.IProject.getLocation()" is null
	at org.jkiss.dbeaver.registry.LocalProjectImpl.getAbsolutePath(LocalProjectImpl.java:81)
	at org.jkiss.dbeaver.registry.BaseProjectImpl.getMetadataPath(BaseProjectImpl.java:163)
	at org.jkiss.dbeaver.registry.BaseProjectImpl.getMetadataFolder(BaseProjectImpl.java:149)
	at org.jkiss.dbeaver.registry.LocalProjectImpl.ensureOpen(LocalProjectImpl.java:123)
	at org.jkiss.dbeaver.model.navigator.DBNProject.getChildren(DBNProject.java:163)
	at org.jkiss.dbeaver.model.navigator.DBNUtils.getNodeChildrenFiltered(DBNUtils.java:80)
	at org.jkiss.dbeaver.ui.navigator.itemlist.ItemListControl$ItemLoadService.evaluate(ItemListControl.java:303)
	at org.jkiss.dbeaver.ui.navigator.itemlist.ItemListControl$ItemLoadService.evaluate(ItemListControl.java:1)
	at org.jkiss.dbeaver.ui.LoadingJob.run(LoadingJob.java:88)
	at org.jkiss.dbeaver.ui.LoadingJob.syncRun(LoadingJob.java:112)
	at org.jkiss.dbeaver.ui.navigator.itemlist.ObjectListControl.loadData(ObjectListControl.java:365)
	at org.jkiss.dbeaver.ui.navigator.itemlist.NodeListControl.nodeChanged(NodeListControl.java:330)
	at org.jkiss.dbeaver.model.navigator.DBNModel$EventProcessingJob.lambda$0(DBNModel.java:763)
	at org.jkiss.dbeaver.ui.UIExecutionQueue.executeInUI(UIExecutionQueue.java:68)
	at org.eclipse.swt.widgets.RunnableLock.run(RunnableLock.java:40)
	at org.eclipse.swt.widgets.Synchronizer.runAsyncMessages(Synchronizer.java:132)
	at org.eclipse.swt.widgets.Display.runAsyncMessages(Display.java:4029)
	at org.eclipse.swt.widgets.Display.readAndDispatch(Display.java:3645)
	at org.eclipse.e4.ui.internal.workbench.swt.PartRenderingEngine$5.run(PartRenderingEngine.java:1155)
	at org.eclipse.core.databinding.observable.Realm.runWithDefault(Realm.java:338)
	at org.eclipse.e4.ui.internal.workbench.swt.PartRenderingEngine.run(PartRenderingEngine.java:1046)
	at org.eclipse.e4.ui.internal.workbench.E4Workbench.createAndRunUI(E4Workbench.java:155)
	at org.eclipse.ui.internal.Workbench.lambda$3(Workbench.java:643)
	at org.eclipse.core.databinding.observable.Realm.runWithDefault(Realm.java:338)
	at org.eclipse.ui.internal.Workbench.createAndRunWorkbench(Workbench.java:550)
	at org.eclipse.ui.PlatformUI.createAndRunWorkbench(PlatformUI.java:171)
	at org.jkiss.dbeaver.ui.app.standalone.DBeaverApplication.start(DBeaverApplication.java:296)
	at org.eclipse.equinox.internal.app.EclipseAppHandle.run(EclipseAppHandle.java:203)
	at org.eclipse.core.runtime.internal.adaptor.EclipseAppLauncher.runApplication(EclipseAppLauncher.java:136)
	at org.eclipse.core.runtime.internal.adaptor.EclipseAppLauncher.start(EclipseAppLauncher.java:104)
	at org.eclipse.core.runtime.adaptor.EclipseStarter.run(EclipseStarter.java:402)
	at org.eclipse.core.runtime.adaptor.EclipseStarter.run(EclipseStarter.java:255)
	at java.base/jdk.internal.reflect.NativeMethodAccessorImpl.invoke0(Native Method)
	at java.base/jdk.internal.reflect.NativeMethodAccessorImpl.invoke(Unknown Source)
	at java.base/jdk.internal.reflect.DelegatingMethodAccessorImpl.invoke(Unknown Source)
	at java.base/java.lang.reflect.Method.invoke(Unknown Source)
	at org.eclipse.equinox.launcher.Main.invokeFramework(Main.java:659)
	at org.eclipse.equinox.launcher.Main.basicRun(Main.java:596)
	at org.eclipse.equinox.launcher.Main.run(Main.java:1467)
> Start DBeaver Oracle UI [org.jkiss.dbeaver.ext.oracle.ui 1.0.87.202302171528]
> Start DBeaver Oracle Support [org.jkiss.dbeaver.ext.oracle 2.1.185.202302171528]
2023-02-21 19:41:29.903 - Unrecognized Oracle client version at D:/Bootcamp/java_1900_WRM/dbms/oracle/resource/dbeaver/jre
2023-02-21 19:41:30.007 - Auth model 'native' was replaced by 'oracle_native'
2023-02-21 19:41:30.032 - Service 'org.jkiss.dbeaver.runtime.ui.UIServiceSecurity' not found
2023-02-21 19:41:58.171 - Auth model 'native' was replaced by 'oracle_native'
2023-02-21 19:41:58.184 - Service 'org.jkiss.dbeaver.runtime.ui.UIServiceSecurity' not found
2023-02-21 19:42:00.894 - DBeaver is stopping
2023-02-21 19:42:00.895 - Stop RMI server
2023-02-21 19:42:00.897 - RMI controller has been stopped
2023-02-21 19:42:00.899 - DBeaver shutdown completed
