2023-02-21 19:42:18.962 - DBeaver 22.3.5.202302171528 is starting
2023-02-21 19:42:18.963 - OS: Windows 10 10.0 (amd64)
2023-02-21 19:42:18.963 - Java version: 17.0.6 by Eclipse Adoptium (64bit)
2023-02-21 19:42:18.963 - Install path: 'D:\Bootcamp\java_1900_WRM\dbms\oracle\resource\dbeaver'
2023-02-21 19:42:18.963 - Instance path: 'file:/D:/Bootcamp/java_1900_WRM/dbms/oracle/workspace/'
2023-02-21 19:42:18.963 - Memory available 64Mb/1024Mb
2023-02-21 19:42:18.970 - Create display
2023-02-21 19:42:19.039 - Initializing DBeaver 22.3.5
2023-02-21 19:42:19.040 - Host plugin: org.jkiss.dbeaver.ui.app.standalone 22.3.5.202302171528
2023-02-21 19:42:19.040 - Initialize desktop platform...
2023-02-21 19:42:19.132 - BounceCastle bundle found. Use JCE provider BC
> Start Core File Systems [org.eclipse.core.filesystem 1.9.500.v20220817-1539]
> Start Core Resource Management [org.eclipse.core.resources 3.18.100.v20221025-2047]
> Start 팀 지원 핵심 [org.eclipse.team.core 3.9.600.v20220902-2219]
> Start DBeaver UI Navigator [org.jkiss.dbeaver.ui.navigator 1.0.100.202302171528]
2023-02-21 19:42:19.261 - Initialize base platform...
> Start Expression Language [org.eclipse.core.expressions 3.8.200.v20220613-1047]
2023-02-21 19:42:19.279 - Platform initialized (239ms)
> Start DBeaver UI Editors - Base [org.jkiss.dbeaver.ui.editors.base 1.0.100.202302171528]
2023-02-21 19:42:19.289 - Starting RMI server at 36746
2023-02-21 19:42:19.350 - Run workbench
> Start DBeaver UI [org.jkiss.dbeaver.ui 5.1.115.202302171528]
> Start Eclipse e4 작업영역 SWT [org.eclipse.e4.ui.workbench.swt 0.16.700.v20221024-2137]
> Start Eclipse Application Services [org.eclipse.e4.core.services 2.3.400.v20220915-1347]
> Start Eclipse UI Application Services [org.eclipse.e4.ui.services 1.5.100.v20221024-2137]
> Start Eclipse e4 Progress View [org.eclipse.e4.ui.progress 0.3.600.v20221024-2137]
> Start EMF XML/XMI Persistence [org.eclipse.emf.ecore.xmi 2.17.0.v20220817-1334]
> Start Eclipse CSS SWT Theme Support [org.eclipse.e4.ui.css.swt.theme 0.13.200.v20221024-2137]
> Start Eclipse e4 작업영역 기능 추가 [org.eclipse.e4.ui.workbench.addons.swt 1.4.500.v20221028-0801]
> Start Eclipse e4 작업영역 SWT 렌더러 [org.eclipse.e4.ui.workbench.renderers.swt 0.15.700.v20221024-2137]
> Start Eclipse Bindings Support [org.eclipse.e4.ui.bindings 0.13.200.v20221024-2137]
> Start Eclipse Dependency Injection Extensions [org.eclipse.e4.core.di.extensions 0.17.200.v20220613-1008]
> Start Eclipse CSS SWT Support [org.eclipse.e4.ui.css.swt 0.14.700.v20221102-0748]
> Start Java Native Access [com.sun.jna 5.12.1.v20221103-2317]
Warning: NLS unused message: BlockedJobsDialog_UserInterfaceTreeElement in: org.eclipse.ui.internal.progress.messages
2023-02-21 19:42:20.463 - Configure workbench window
> Start 도움말 시스템 코어 [org.eclipse.help 3.9.100.v20210721-0601]
2023-02-21 19:42:20.518 - Create actions
2023-02-21 19:42:20.521 - Disable Eclipse action set 'org.eclipse.ui.edit.text.actionSet.annotationNavigation'
2023-02-21 19:42:20.522 - Disable Eclipse action set 'org.eclipse.ui.WorkingSetActionSet'
2023-02-21 19:42:20.522 - Disable Eclipse action set 'org.eclipse.ui.actionSet.openFiles'
2023-02-21 19:42:20.791 - Initialize workbench window
2023-02-21 19:42:20.794 - Finish initialization
> Start 기본 문서 편집기 [org.eclipse.ui.editors 3.14.400.v20220730-1844]
> Start 텍스트 편집기 프레임워크 [org.eclipse.ui.workbench.texteditor 3.16.600.v20220809-1658]
> Start DBeaver SQL Model [org.jkiss.dbeaver.model.sql 1.0.90.202302171528]
2023-02-21 19:42:21.087 - Total database drivers: 102 (102)
> Start Draw2d [org.eclipse.draw2dl 3.12.100.20230129135757]
> Start GEF3 GEF (MVC) [org.eclipse.gef3 3.12.100.20230129135757]
> Start DBeaver ERD UI [org.jkiss.dbeaver.erd.ui 3.0.60.202302171528]
> Start DBeaver ERD Model [org.jkiss.dbeaver.erd.model 1.0.60.202302171528]
Warning: NLS unused message: actions_navigator__objects in: org.jkiss.dbeaver.ui.editors.sql.internal.SQLEditorMessages
> Start DBeaver UI Editors - SQL [org.jkiss.dbeaver.ui.editors.sql 1.0.100.202302171528]
> Start DBeaver UI Editors - Data [org.jkiss.dbeaver.ui.editors.data 1.0.100.202302171528]
> Start Equinox Java Authentication and Authorization Service (JAAS) [org.eclipse.equinox.security 1.3.1000.v20220801-1135]
> Start 인터넷 연결 관리 사용자 인터페이스 [org.eclipse.ui.net 1.4.100.v20220812-1406]
> Start Internet Connection Management [org.eclipse.core.net 1.4.0.v20220813-1037]
> Start DBeaver Sample Database [org.jkiss.dbeaver.ext.sample.database 1.0.137.202302171528]
> Start DBeaver Tip of the day [org.jkiss.dbeaver.ext.ui.tipoftheday 1.0.106.202302171528]
> Start DBeaver UI Editors - Connections [org.jkiss.dbeaver.ui.editors.connection 1.0.91.202302171528]
> Start DBeaver Oracle UI [org.jkiss.dbeaver.ext.oracle.ui 1.0.87.202302171528]
> Start DBeaver Oracle Support [org.jkiss.dbeaver.ext.oracle 2.1.185.202302171528]
2023-02-21 19:42:38.691 - Unrecognized Oracle client version at D:/Bootcamp/java_1900_WRM/dbms/oracle/resource/dbeaver/jre
2023-02-21 19:42:38.789 - Auth model 'native' was replaced by 'oracle_native'
2023-02-21 19:42:38.806 - Service 'org.jkiss.dbeaver.runtime.ui.UIServiceSecurity' not found
2023-02-21 19:44:43.276 - Auth model 'native' was replaced by 'oracle_native'
2023-02-21 19:44:43.292 - Service 'org.jkiss.dbeaver.runtime.ui.UIServiceSecurity' not found
2023-02-21 19:50:03.353 - Connect with 'jdbc:oracle:thin:@//192.168.0.104:1521/XE' (oracle_thin-186739840a9-35218efbeb85f92d)
2023-02-21 19:50:03.373 - Execution context opened (jdbc:oracle:thin:@//192.168.0.104:1521/XE; Main; 0)
2023-02-21 19:50:03.501 - Open [https://repo1.maven.org/maven2/com/oracle/database/jdbc/ojdbc8/12.2.0.1/ojdbc8-12.2.0.1.pom]
2023-02-21 19:50:04.277 - Open [https://repo1.maven.org/maven2/com/oracle/database/jdbc/ucp/12.2.0.1/ucp-12.2.0.1.pom]
2023-02-21 19:50:04.428 - Open [https://repo1.maven.org/maven2/com/oracle/database/security/oraclepki/12.2.0.1/oraclepki-12.2.0.1.pom]
2023-02-21 19:50:04.579 - Open [https://repo1.maven.org/maven2/com/oracle/database/security/osdt_cert/12.2.0.1/osdt_cert-12.2.0.1.pom]
2023-02-21 19:50:04.729 - Open [https://repo1.maven.org/maven2/com/oracle/database/security/osdt_core/12.2.0.1/osdt_core-12.2.0.1.pom]
2023-02-21 19:50:04.882 - Open [https://repo1.maven.org/maven2/com/oracle/database/ha/simplefan/12.2.0.1/simplefan-12.2.0.1.pom]
2023-02-21 19:50:05.035 - Open [https://repo1.maven.org/maven2/com/oracle/database/ha/ons/12.2.0.1/ons-12.2.0.1.pom]
2023-02-21 19:50:05.186 - Open [https://repo1.maven.org/maven2/com/oracle/database/nls/orai18n/12.2.0.1/orai18n-12.2.0.1.pom]
2023-02-21 19:50:05.345 - Open [https://repo1.maven.org/maven2/com/oracle/database/xml/xdb6/12.2.0.1/xdb6-12.2.0.1.pom]
2023-02-21 19:50:05.506 - Open [https://repo1.maven.org/maven2/com/oracle/database/xml/xmlparserv2/12.2.0.1/xmlparserv2-12.2.0.1.pom]
2023-02-21 19:50:07.220 - Connection failed (oracle_thin-186739840a9-35218efbeb85f92d)
org.jkiss.dbeaver.model.exec.DBCConnectException: Can't create driver instance
	at org.jkiss.dbeaver.model.impl.jdbc.JDBCDataSource.openConnection(JDBCDataSource.java:176)
	at org.jkiss.dbeaver.ext.oracle.model.OracleDataSource.openConnection(OracleDataSource.java:173)
	at org.jkiss.dbeaver.model.impl.jdbc.JDBCExecutionContext.connect(JDBCExecutionContext.java:103)
	at org.jkiss.dbeaver.model.impl.jdbc.JDBCRemoteInstance.initializeMainContext(JDBCRemoteInstance.java:102)
	at org.jkiss.dbeaver.model.impl.jdbc.JDBCRemoteInstance.<init>(JDBCRemoteInstance.java:61)
	at org.jkiss.dbeaver.model.impl.jdbc.JDBCDataSource.initializeRemoteInstance(JDBCDataSource.java:128)
	at org.jkiss.dbeaver.model.impl.jdbc.JDBCDataSource.<init>(JDBCDataSource.java:106)
	at org.jkiss.dbeaver.model.impl.jdbc.JDBCDataSource.<init>(JDBCDataSource.java:97)
	at org.jkiss.dbeaver.ext.oracle.model.OracleDataSource.<init>(OracleDataSource.java:91)
	at org.jkiss.dbeaver.ext.oracle.OracleDataSourceProvider.openDataSource(OracleDataSourceProvider.java:147)
	at org.jkiss.dbeaver.registry.DataSourceDescriptor.openDataSource(DataSourceDescriptor.java:1195)
	at org.jkiss.dbeaver.registry.DataSourceDescriptor.connect(DataSourceDescriptor.java:1060)
	at org.jkiss.dbeaver.runtime.jobs.ConnectJob.run(ConnectJob.java:70)
	at org.jkiss.dbeaver.runtime.jobs.ConnectionTestJob.run(ConnectionTestJob.java:103)
	at org.jkiss.dbeaver.model.runtime.AbstractJob.run(AbstractJob.java:105)
	at org.eclipse.core.internal.jobs.Worker.run(Worker.java:63)
Caused by: org.jkiss.dbeaver.DBException: Error creating driver 'Oracle' instance.
Most likely required jar files are missing.
You should configure jars in driver settings.

Reason: can't load driver class 'oracle.jdbc.OracleDriver'
	at org.jkiss.dbeaver.registry.driver.DriverDescriptor.loadDriver(DriverDescriptor.java:1188)
	at org.jkiss.dbeaver.registry.driver.DriverDescriptor.loadDriver(DriverDescriptor.java:1122)
	at org.jkiss.dbeaver.registry.driver.DriverDescriptor.getDriverInstance(DriverDescriptor.java:675)
	at org.jkiss.dbeaver.model.impl.jdbc.JDBCDataSource.getDriverInstance(JDBCDataSource.java:682)
	at org.jkiss.dbeaver.model.impl.jdbc.JDBCDataSource.openConnection(JDBCDataSource.java:174)
	... 15 more
Caused by: java.lang.ClassNotFoundException: oracle.jdbc.OracleDriver
	at java.base/java.net.URLClassLoader.findClass(Unknown Source)
	at java.base/java.lang.ClassLoader.loadClass(Unknown Source)
	at java.base/java.lang.ClassLoader.loadClass(Unknown Source)
	at java.base/java.lang.Class.forName0(Native Method)
	at java.base/java.lang.Class.forName(Unknown Source)
	at org.jkiss.dbeaver.registry.driver.DriverDescriptor.loadDriver(DriverDescriptor.java:1186)
	... 19 more
2023-02-21 19:50:07.222 - org.jkiss.dbeaver.model.exec.DBCConnectException: Can't create driver instance
org.jkiss.dbeaver.model.exec.DBCConnectException: Can't create driver instance
	at org.jkiss.dbeaver.model.impl.jdbc.JDBCDataSource.openConnection(JDBCDataSource.java:176)
	at org.jkiss.dbeaver.ext.oracle.model.OracleDataSource.openConnection(OracleDataSource.java:173)
	at org.jkiss.dbeaver.model.impl.jdbc.JDBCExecutionContext.connect(JDBCExecutionContext.java:103)
	at org.jkiss.dbeaver.model.impl.jdbc.JDBCRemoteInstance.initializeMainContext(JDBCRemoteInstance.java:102)
	at org.jkiss.dbeaver.model.impl.jdbc.JDBCRemoteInstance.<init>(JDBCRemoteInstance.java:61)
	at org.jkiss.dbeaver.model.impl.jdbc.JDBCDataSource.initializeRemoteInstance(JDBCDataSource.java:128)
	at org.jkiss.dbeaver.model.impl.jdbc.JDBCDataSource.<init>(JDBCDataSource.java:106)
	at org.jkiss.dbeaver.model.impl.jdbc.JDBCDataSource.<init>(JDBCDataSource.java:97)
	at org.jkiss.dbeaver.ext.oracle.model.OracleDataSource.<init>(OracleDataSource.java:91)
	at org.jkiss.dbeaver.ext.oracle.OracleDataSourceProvider.openDataSource(OracleDataSourceProvider.java:147)
	at org.jkiss.dbeaver.registry.DataSourceDescriptor.openDataSource(DataSourceDescriptor.java:1195)
	at org.jkiss.dbeaver.registry.DataSourceDescriptor.connect(DataSourceDescriptor.java:1060)
	at org.jkiss.dbeaver.runtime.jobs.ConnectJob.run(ConnectJob.java:70)
	at org.jkiss.dbeaver.runtime.jobs.ConnectionTestJob.run(ConnectionTestJob.java:103)
	at org.jkiss.dbeaver.model.runtime.AbstractJob.run(AbstractJob.java:105)
	at org.eclipse.core.internal.jobs.Worker.run(Worker.java:63)
Caused by: org.jkiss.dbeaver.DBException: Error creating driver 'Oracle' instance.
Most likely required jar files are missing.
You should configure jars in driver settings.

Reason: can't load driver class 'oracle.jdbc.OracleDriver'
	at org.jkiss.dbeaver.registry.driver.DriverDescriptor.loadDriver(DriverDescriptor.java:1188)
	at org.jkiss.dbeaver.registry.driver.DriverDescriptor.loadDriver(DriverDescriptor.java:1122)
	at org.jkiss.dbeaver.registry.driver.DriverDescriptor.getDriverInstance(DriverDescriptor.java:675)
	at org.jkiss.dbeaver.model.impl.jdbc.JDBCDataSource.getDriverInstance(JDBCDataSource.java:682)
	at org.jkiss.dbeaver.model.impl.jdbc.JDBCDataSource.openConnection(JDBCDataSource.java:174)
	... 15 more
Caused by: java.lang.ClassNotFoundException: oracle.jdbc.OracleDriver
	at java.base/java.net.URLClassLoader.findClass(Unknown Source)
	at java.base/java.lang.ClassLoader.loadClass(Unknown Source)
	at java.base/java.lang.ClassLoader.loadClass(Unknown Source)
	at java.base/java.lang.Class.forName0(Native Method)
	at java.base/java.lang.Class.forName(Unknown Source)
	at org.jkiss.dbeaver.registry.driver.DriverDescriptor.loadDriver(DriverDescriptor.java:1186)
	... 19 more
2023-02-21 19:50:07.247 - Error creating driver 'Oracle' instance.
Most likely required jar files are missing.
You should configure jars in driver settings.

Reason: can't load driver class 'oracle.jdbc.OracleDriver'
org.jkiss.dbeaver.DBException: Error creating driver 'Oracle' instance.
Most likely required jar files are missing.
You should configure jars in driver settings.

Reason: can't load driver class 'oracle.jdbc.OracleDriver'
	at org.jkiss.dbeaver.registry.driver.DriverDescriptor.loadDriver(DriverDescriptor.java:1188)
	at org.jkiss.dbeaver.registry.driver.DriverDescriptor.loadDriver(DriverDescriptor.java:1122)
	at org.jkiss.dbeaver.registry.driver.DriverDescriptor.getDriverInstance(DriverDescriptor.java:675)
	at org.jkiss.dbeaver.model.impl.jdbc.JDBCDataSource.getDriverInstance(JDBCDataSource.java:682)
	at org.jkiss.dbeaver.model.impl.jdbc.JDBCDataSource.openConnection(JDBCDataSource.java:174)
	at org.jkiss.dbeaver.ext.oracle.model.OracleDataSource.openConnection(OracleDataSource.java:173)
	at org.jkiss.dbeaver.model.impl.jdbc.JDBCExecutionContext.connect(JDBCExecutionContext.java:103)
	at org.jkiss.dbeaver.model.impl.jdbc.JDBCRemoteInstance.initializeMainContext(JDBCRemoteInstance.java:102)
	at org.jkiss.dbeaver.model.impl.jdbc.JDBCRemoteInstance.<init>(JDBCRemoteInstance.java:61)
	at org.jkiss.dbeaver.model.impl.jdbc.JDBCDataSource.initializeRemoteInstance(JDBCDataSource.java:128)
	at org.jkiss.dbeaver.model.impl.jdbc.JDBCDataSource.<init>(JDBCDataSource.java:106)
	at org.jkiss.dbeaver.model.impl.jdbc.JDBCDataSource.<init>(JDBCDataSource.java:97)
	at org.jkiss.dbeaver.ext.oracle.model.OracleDataSource.<init>(OracleDataSource.java:91)
	at org.jkiss.dbeaver.ext.oracle.OracleDataSourceProvider.openDataSource(OracleDataSourceProvider.java:147)
	at org.jkiss.dbeaver.registry.DataSourceDescriptor.openDataSource(DataSourceDescriptor.java:1195)
	at org.jkiss.dbeaver.registry.DataSourceDescriptor.connect(DataSourceDescriptor.java:1060)
	at org.jkiss.dbeaver.runtime.jobs.ConnectJob.run(ConnectJob.java:70)
	at org.jkiss.dbeaver.runtime.jobs.ConnectionTestJob.run(ConnectionTestJob.java:103)
	at org.jkiss.dbeaver.model.runtime.AbstractJob.run(AbstractJob.java:105)
	at org.eclipse.core.internal.jobs.Worker.run(Worker.java:63)
Caused by: java.lang.ClassNotFoundException: oracle.jdbc.OracleDriver
	at java.base/java.net.URLClassLoader.findClass(Unknown Source)
	at java.base/java.lang.ClassLoader.loadClass(Unknown Source)
	at java.base/java.lang.ClassLoader.loadClass(Unknown Source)
	at java.base/java.lang.Class.forName0(Native Method)
	at java.base/java.lang.Class.forName(Unknown Source)
	at org.jkiss.dbeaver.registry.driver.DriverDescriptor.loadDriver(DriverDescriptor.java:1186)
	... 19 more
2023-02-21 19:52:08.082 - Connect with 'jdbc:oracle:thin:@//192.168.0.104:1521/XE' (oracle_thin-186739a27fc-71a865ff9864b359)
2023-02-21 19:52:08.083 - Execution context opened (jdbc:oracle:thin:@//192.168.0.104:1521/XE; Main; 1)
2023-02-21 19:52:08.359 - Connected (oracle_thin-186739a27fc-71a865ff9864b359, Oracle JDBC driver [11.2.0.2.0])
2023-02-21 19:52:08.415 - Execution context closed (jdbc:oracle:thin:@//192.168.0.104:1521/XE, 1)
2023-02-21 19:52:08.415 - Disconnected (oracle_thin-186739a27fc-71a865ff9864b359)
2023-02-21 19:53:02.146 - Connect with 'jdbc:oracle:thin:@//192.168.0.104:1521/XE' (oracle_thin-186739afb25-2a39585497deccb0)
2023-02-21 19:53:02.147 - Execution context opened (jdbc:oracle:thin:@//192.168.0.104:1521/XE; Main; 2)
2023-02-21 19:53:02.165 - Connected (oracle_thin-186739afb25-2a39585497deccb0, Oracle JDBC driver [11.2.0.2.0])
2023-02-21 19:53:02.218 - Execution context closed (jdbc:oracle:thin:@//192.168.0.104:1521/XE, 2)
2023-02-21 19:53:02.218 - Disconnected (oracle_thin-186739afb25-2a39585497deccb0)
2023-02-21 20:12:11.760 - Connect with 'jdbc:oracle:thin:@//localhost:1521/XE' (oracle_thin-18673ac85d7-65267fee0ea2c64d)
2023-02-21 20:12:11.761 - Execution context opened (jdbc:oracle:thin:@//localhost:1521/XE; Main; 3)
2023-02-21 20:12:11.779 - Connected (oracle_thin-18673ac85d7-65267fee0ea2c64d, Oracle JDBC driver [11.2.0.2.0])
2023-02-21 20:12:11.831 - Execution context closed (jdbc:oracle:thin:@//localhost:1521/XE, 3)
2023-02-21 20:12:11.831 - Disconnected (oracle_thin-18673ac85d7-65267fee0ea2c64d)
2023-02-21 20:12:30.514 - Connect with 'jdbc:oracle:thin:@//127.0.0.1:1521/XE' (oracle_thin-18673accf0d-16e80fab0e977d63)
2023-02-21 20:12:30.515 - Execution context opened (jdbc:oracle:thin:@//127.0.0.1:1521/XE; Main; 4)
2023-02-21 20:12:30.532 - Connected (oracle_thin-18673accf0d-16e80fab0e977d63, Oracle JDBC driver [11.2.0.2.0])
2023-02-21 20:12:30.584 - Execution context closed (jdbc:oracle:thin:@//127.0.0.1:1521/XE, 4)
2023-02-21 20:12:30.584 - Disconnected (oracle_thin-18673accf0d-16e80fab0e977d63)
2023-02-21 20:12:47.780 - Connect with 'jdbc:oracle:thin:@//localhost:1521/XE' (oracle_thin-18673ad128d-643a9f6b68ce89a)
2023-02-21 20:12:47.780 - Execution context opened (jdbc:oracle:thin:@//localhost:1521/XE; Main; 5)
2023-02-21 20:12:47.797 - Connected (oracle_thin-18673ad128d-643a9f6b68ce89a, Oracle JDBC driver [11.2.0.2.0])
2023-02-21 20:12:47.850 - Execution context closed (jdbc:oracle:thin:@//localhost:1521/XE, 5)
2023-02-21 20:12:47.850 - Disconnected (oracle_thin-18673ad128d-643a9f6b68ce89a)
2023-02-21 20:12:51.547 - Connect with 'jdbc:oracle:thin:@//localhost:1521/XE' (oracle_thin-18673ad212d-712d8fc4c9b5c81f)
2023-02-21 20:12:51.547 - Execution context opened (jdbc:oracle:thin:@//localhost:1521/XE; Main; 6)
2023-02-21 20:12:51.562 - Connected (oracle_thin-18673ad212d-712d8fc4c9b5c81f, Oracle JDBC driver [11.2.0.2.0])
2023-02-21 20:12:51.614 - Execution context closed (jdbc:oracle:thin:@//localhost:1521/XE, 6)
2023-02-21 20:12:51.614 - Disconnected (oracle_thin-18673ad212d-712d8fc4c9b5c81f)
2023-02-21 20:13:15.425 - Connect with 'localhost' (oracle_thin-18673935e35-4a4d8231c8b4ad6c)
2023-02-21 20:13:15.425 - Execution context opened (localhost; Main; 7)
2023-02-21 20:13:15.436 - Execution context opened (localhost; Metadata; 8)
2023-02-21 20:13:15.451 - Connected (oracle_thin-18673935e35-4a4d8231c8b4ad6c, Oracle JDBC driver [11.2.0.2.0])
> Start 핵심 비교 지원 [org.eclipse.compare.core 3.7.100.v20220812-1406]
> Start 콘솔 [org.eclipse.ui.console 3.11.400.v20221012-0524]
Warning: NLS unused message: InputStreamMonitor_label in: org.eclipse.debug.internal.core.DebugCoreMessages
Warning: NLS unused message: OutputStreamMonitor_label in: org.eclipse.debug.internal.core.DebugCoreMessages
> Start 디버그 핵심 [org.eclipse.debug.core 3.20.0.v20220811-0741]
2023-02-21 21:45:32.342 - Execution context opened (localhost; SQLEditor <Script.sql>; 9)
2023-02-21 21:48:26.564 - Duplicate object name 'EMPLOYEES' in cache TableCache. Last value: HR.EMPLOYEES
> Start ICU4J Base [com.ibm.icu.base 58.2.0.v20170418-1837]
2023-02-21 21:49:10.634 - Can't get column 'PLUGGED_IN': 부적합한 열 이름
2023-02-21 21:49:54.781 - Can't get column 'COLUMN_NAMES_NUMS': 부적합한 열 이름
2023-02-21 22:27:48.142 - Execution context closed (localhost, 9)
2023-02-21 22:27:48.322 - DBeaver is stopping
2023-02-21 22:27:48.322 - Stop RMI server
2023-02-21 22:27:48.323 - RMI controller has been stopped
2023-02-21 22:27:48.324 - DBeaver shutdown completed
